2025-10-16 08:48:58,426 - __main__ - INFO - Starting GW2 skill data fetch...
2025-10-16 08:48:58,427 - __main__ - INFO - Fetching skill IDs from GW2 API...
2025-10-16 08:48:58,679 - __main__ - INFO - Found 4651 total skills
2025-10-16 08:48:58,679 - __main__ - INFO - Processing 24 chunks of skills...
2025-10-16 08:49:00,785 - __main__ - INFO - Successfully fetched 4651 skills
2025-10-16 08:49:00,927 - __main__ - INFO - Skills data saved to: c:\Users\schaf.JANPC\Documents\_LocalCoding\GW2_RotaHelper\data\skills\gw2_skills_en.json
2025-10-16 08:49:00,928 - __main__ - INFO - File size: 6.83 MB
2025-10-16 08:49:00,931 - __main__ - INFO - Metadata saved to: c:\Users\schaf.JANPC\Documents\_LocalCoding\GW2_RotaHelper\data\skills\gw2_skills_metadata.json
2025-10-16 09:18:38,672 - __main__ - INFO - Starting GW2 skill data fetch...
2025-10-16 09:18:38,672 - __main__ - INFO - Fetching skill IDs from GW2 API...
2025-10-16 09:18:38,766 - __main__ - INFO - Found 4651 total skills
2025-10-16 09:18:38,766 - __main__ - INFO - Processing 24 chunks of skills...
2025-10-16 09:18:42,454 - __main__ - INFO - Successfully fetched 4651 skills
2025-10-16 09:18:42,485 - __main__ - INFO - Skills data saved to: c:\Users\schaf.JANPC\Documents\_LocalCoding\GW2_RotaHelper\data\skills\gw2_skills_en.json
2025-10-16 09:18:42,485 - __main__ - INFO - File size: 1.22 MB
2025-10-16 09:19:05,914 - __main__ - INFO - Starting GW2 skill data fetch...
2025-10-16 09:19:05,914 - __main__ - INFO - Fetching skill IDs from GW2 API...
2025-10-16 09:19:06,017 - __main__ - INFO - Found 4651 total skills
2025-10-16 09:19:06,018 - __main__ - INFO - Processing 24 chunks of skills...
2025-10-16 09:19:07,383 - __main__ - INFO - Successfully fetched 4651 skills
2025-10-16 09:19:07,413 - __main__ - INFO - Skills data saved to: c:\Users\schaf.JANPC\Documents\_LocalCoding\GW2_RotaHelper\data\skills\gw2_skills_en.json
2025-10-16 09:19:07,413 - __main__ - INFO - File size: 1.22 MB
2025-10-16 09:19:07,414 - __main__ - INFO - Metadata saved to: c:\Users\schaf.JANPC\Documents\_LocalCoding\GW2_RotaHelper\data\skills\gw2_skills_metadata.json
2025-10-16 09:21:40,417 - __main__ - INFO - Starting GW2 skill data fetch...
2025-10-16 09:21:40,418 - __main__ - INFO - Fetching skill IDs from GW2 API...
2025-10-16 09:21:40,523 - __main__ - INFO - Found 4651 total skills
2025-10-16 09:21:40,524 - __main__ - INFO - Processing 24 chunks of skills...
2025-10-16 09:21:44,398 - __main__ - INFO - Successfully fetched 4651 skills
2025-10-16 09:21:44,421 - __main__ - INFO - Skills data saved to: c:\Users\schaf.JANPC\Documents\_LocalCoding\GW2_RotaHelper\data\skills\gw2_skills_en.json
2025-10-16 09:21:44,421 - __main__ - INFO - File size: 0.80 MB
2025-10-16 09:21:44,422 - __main__ - INFO - Metadata saved to: c:\Users\schaf.JANPC\Documents\_LocalCoding\GW2_RotaHelper\data\skills\gw2_skills_metadata.json
2025-10-16 09:21:44,422 - __main__ - INFO - Successfully completed skill data fetch!
2025-10-17 12:20:59,545 - __main__ - INFO - Starting GW2 skill data fetch...
2025-10-17 12:20:59,545 - __main__ - INFO - Fetching skill IDs from GW2 API...
2025-10-17 12:20:59,675 - __main__ - INFO - Found 4651 total skills
2025-10-17 12:20:59,675 - __main__ - INFO - Processing 24 chunks of skills...
2025-10-17 12:25:14,347 - __main__ - INFO - Starting GW2 skill data fetch...
2025-10-17 12:25:14,347 - __main__ - INFO - Fetching skill IDs from GW2 API...
2025-10-17 12:25:14,480 - __main__ - INFO - Found 4651 total skills
2025-10-17 12:25:14,480 - __main__ - INFO - Processing 24 chunks of skills...
2025-10-17 12:25:21,074 - __main__ - INFO - Successfully fetched 4651 skills
2025-10-17 12:25:21,113 - __main__ - INFO - Skills data saved to: c:\Users\schaf.JANPC\Documents\_LocalCoding\GW2_RotaHelper\data\skills\gw2_skills_en.json
2025-10-17 12:25:21,113 - __main__ - INFO - File size: 0.93 MB
2025-10-17 12:25:21,114 - __main__ - INFO - Metadata saved to: c:\Users\schaf.JANPC\Documents\_LocalCoding\GW2_RotaHelper\data\skills\gw2_skills_metadata.json
2025-10-17 12:25:21,114 - __main__ - INFO - Successfully completed skill data fetch!
